# JRE version: OpenJDK Runtime Environment Temurin-21.0.9+10 (21.0.9+10) (build 21.0.9+10-LTS)
# Java VM: OpenJDK 64-Bit Server VM Temurin-21.0.9+10 (21.0.9+10-LTS, mixed mode, sharing, tiered, compressed oops, compressed class ptrs, parallel gc, windows-amd64)
GC Precious Log:
 CardTable entry size: 512
 CPUs: 12 total, 12 available
 Memory: 15134M
 Large Page Support: Disabled
 NUMA Support: Disabled
 Compressed Oops: Enabled (32-bit)
 Alignments: Space 512K, Generation 512K, Heap 2M
 Heap Min Capacity: 100M
 Heap Initial Capacity: 100M
 Heap Max Capacity: 2G
 Pre-touch: Disabled
 Parallel Workers: 10
Heap:
 PSYoungGen      total 5120K, used 3806K [0x00000000d5580000, 0x00000000d6100000, 0x0000000100000000)
  eden space 4096K, 80% used [0x00000000d5580000,0x00000000d58b3b00,0x00000000d5980000)
  from space 1024K, 51% used [0x00000000d6000000,0x00000000d6084010,0x00000000d6100000)
  to   space 1024K, 0% used [0x00000000d5f00000,0x00000000d5f00000,0x00000000d6000000)
 ParOldGen       total 551424K, used 551338K [0x0000000080000000, 0x00000000a1a80000, 0x00000000d5580000)
  object space 551424K, 99% used [0x0000000080000000,0x00000000a1a6aa30,0x00000000a1a80000)
 Metaspace       used 88473K, committed 90176K, reserved 1179648K
  class space    used 8905K, committed 9728K, reserved 1048576K
GC Heap History (20 events):
Event: 5837.693 GC heap before
{Heap before GC invocations=2319 (full 7):
 PSYoungGen      total 5632K, used 5492K [0x00000000d5580000, 0x00000000d5d80000, 0x0000000100000000)
  eden space 5120K, 100% used [0x00000000d5580000,0x00000000d5a80000,0x00000000d5a80000)
  from space 512K, 72% used [0x00000000d5d00000,0x00000000d5d5d200,0x00000000d5d80000)
  to   space 512K, 0% used [0x00000000d5c80000,0x00000000d5c80000,0x00000000d5d00000)
 ParOldGen       total 498176K, used 497824K [0x0000000080000000, 0x000000009e680000, 0x00000000d5580000)
  object space 498176K, 99% used [0x0000000080000000,0x000000009e628320,0x000000009e680000)
 Metaspace       used 88438K, committed 90176K, reserved 1179648K
  class space    used 8905K, committed 9728K, reserved 1048576K
}
Event: 5837.694 GC heap after
{Heap after GC invocations=2319 (full 7):
 PSYoungGen      total 5632K, used 346K [0x00000000d5580000, 0x00000000d5d80000, 0x0000000100000000)
  eden space 5120K, 0% used [0x00000000d5580000,0x00000000d5580000,0x00000000d5a80000)
  from space 512K, 67% used [0x00000000d5c80000,0x00000000d5cd6900,0x00000000d5d00000)
  to   space 512K, 0% used [0x00000000d5d00000,0x00000000d5d00000,0x00000000d5d80000)
 ParOldGen       total 498176K, used 497832K [0x0000000080000000, 0x000000009e680000, 0x00000000d5580000)
  object space 498176K, 99% used [0x0000000080000000,0x000000009e62a320,0x000000009e680000)
 Metaspace       used 88438K, committed 90176K, reserved 1179648K
  class space    used 8905K, committed 9728K, reserved 1048576K
}
Event: 5838.108 GC heap before
{Heap before GC invocations=2320 (full 7):
 PSYoungGen      total 5632K, used 5459K [0x00000000d5580000, 0x00000000d5d80000, 0x0000000100000000)
  eden space 5120K, 99% used [0x00000000d5580000,0x00000000d5a7e5f8,0x00000000d5a80000)
  from space 512K, 67% used [0x00000000d5c80000,0x00000000d5cd6900,0x00000000d5d00000)
  to   space 512K, 0% used [0x00000000d5d00000,0x00000000d5d00000,0x00000000d5d80000)
 ParOldGen       total 498176K, used 497832K [0x0000000080000000, 0x000000009e680000, 0x00000000d5580000)
  object space 498176K, 99% used [0x0000000080000000,0x000000009e62a320,0x000000009e680000)
 Metaspace       used 88438K, committed 90176K, reserved 1179648K
  class space    used 8905K, committed 9728K, reserved 1048576K
}
Event: 5838.109 GC heap after
{Heap after GC invocations=2320 (full 7):
 PSYoungGen      total 5632K, used 480K [0x00000000d5580000, 0x00000000d5d80000, 0x0000000100000000)
  eden space 5120K, 0% used [0x00000000d5580000,0x00000000d5580000,0x00000000d5a80000)
  from space 512K, 93% used [0x00000000d5d00000,0x00000000d5d78000,0x00000000d5d80000)
  to   space 512K, 0% used [0x00000000d5c80000,0x00000000d5c80000,0x00000000d5d00000)
 ParOldGen       total 498176K, used 497989K [0x0000000080000000, 0x000000009e680000, 0x00000000d5580000)
  object space 498176K, 99% used [0x0000000080000000,0x000000009e651530,0x000000009e680000)
 Metaspace       used 88438K, committed 90176K, reserved 1179648K
  class space    used 8905K, committed 9728K, reserved 1048576K
}
Event: 5838.729 GC heap before
{Heap before GC invocations=2321 (full 7):
 PSYoungGen      total 5632K, used 5600K [0x00000000d5580000, 0x00000000d5d80000, 0x0000000100000000)
  eden space 5120K, 100% used [0x00000000d5580000,0x00000000d5a80000,0x00000000d5a80000)
  from space 512K, 93% used [0x00000000d5d00000,0x00000000d5d78000,0x00000000d5d80000)
  to   space 512K, 0% used [0x00000000d5c80000,0x00000000d5c80000,0x00000000d5d00000)
 ParOldGen       total 498176K, used 497989K [0x0000000080000000, 0x000000009e680000, 0x00000000d5580000)
  object space 498176K, 99% used [0x0000000080000000,0x000000009e651530,0x000000009e680000)
 Metaspace       used 88443K, committed 90176K, reserved 1179648K
  class space    used 8905K, committed 9728K, reserved 1048576K
}
Event: 5838.732 GC heap after
{Heap after GC invocations=2321 (full 7):
 PSYoungGen      total 5632K, used 512K [0x00000000d5580000, 0x00000000d6480000, 0x0000000100000000)
  eden space 5120K, 0% used [0x00000000d5580000,0x00000000d5580000,0x00000000d5a80000)
  from space 512K, 100% used [0x00000000d5c80000,0x00000000d5d00000,0x00000000d5d00000)
  to   space 5120K, 0% used [0x00000000d5f80000,0x00000000d5f80000,0x00000000d6480000)
 ParOldGen       total 501760K, used 501629K [0x0000000080000000, 0x000000009ea00000, 0x00000000d5580000)
  object space 501760K, 99% used [0x0000000080000000,0x000000009e9df4d0,0x000000009ea00000)
 Metaspace       used 88443K, committed 90176K, reserved 1179648K
  class space    used 8905K, committed 9728K, reserved 1048576K
}
Event: 5838.742 GC heap before
{Heap before GC invocations=2322 (full 7):
 PSYoungGen      total 5632K, used 5632K [0x00000000d5580000, 0x00000000d6480000, 0x0000000100000000)
  eden space 5120K, 100% used [0x00000000d5580000,0x00000000d5a80000,0x00000000d5a80000)
  from space 512K, 100% used [0x00000000d5c80000,0x00000000d5d00000,0x00000000d5d00000)
  to   space 5120K, 0% used [0x00000000d5f80000,0x00000000d5f80000,0x00000000d6480000)
 ParOldGen       total 501760K, used 501629K [0x0000000080000000, 0x000000009ea00000, 0x00000000d5580000)
  object space 501760K, 99% used [0x0000000080000000,0x000000009e9df4d0,0x000000009ea00000)
 Metaspace       used 88443K, committed 90176K, reserved 1179648K
  class space    used 8905K, committed 9728K, reserved 1048576K
}
Event: 5838.746 GC heap after
{Heap after GC invocations=2322 (full 7):
 PSYoungGen      total 9216K, used 5120K [0x00000000d5580000, 0x00000000d6680000, 0x0000000100000000)
  eden space 4096K, 0% used [0x00000000d5580000,0x00000000d5580000,0x00000000d5980000)
  from space 5120K, 100% used [0x00000000d5f80000,0x00000000d6480000,0x00000000d6480000)
  to   space 6144K, 0% used [0x00000000d5980000,0x00000000d5980000,0x00000000d5f80000)
 ParOldGen       total 502272K, used 502205K [0x0000000080000000, 0x000000009ea80000, 0x00000000d5580000)
  object space 502272K, 99% used [0x0000000080000000,0x000000009ea6f4e0,0x000000009ea80000)
 Metaspace       used 88443K, committed 90176K, reserved 1179648K
  class space    used 8905K, committed 9728K, reserved 1048576K
}
Event: 5838.765 GC heap before
{Heap before GC invocations=2323 (full 7):
 PSYoungGen      total 9216K, used 9216K [0x00000000d5580000, 0x00000000d6680000, 0x0000000100000000)
  eden space 4096K, 100% used [0x00000000d5580000,0x00000000d5980000,0x00000000d5980000)
  from space 5120K, 100% used [0x00000000d5f80000,0x00000000d6480000,0x00000000d6480000)
  to   space 6144K, 0% used [0x00000000d5980000,0x00000000d5980000,0x00000000d5f80000)
 ParOldGen       total 502272K, used 502205K [0x0000000080000000, 0x000000009ea80000, 0x00000000d5580000)
  object space 502272K, 99% used [0x0000000080000000,0x000000009ea6f4e0,0x000000009ea80000)
 Metaspace       used 88443K, committed 90176K, reserved 1179648K
  class space    used 8905K, committed 9728K, reserved 1048576K
}
Event: 5838.770 GC heap after
{Heap after GC invocations=2323 (full 7):
 PSYoungGen      total 7680K, used 3248K [0x00000000d5580000, 0x00000000d6280000, 0x0000000100000000)
  eden space 4096K, 0% used [0x00000000d5580000,0x00000000d5580000,0x00000000d5980000)
  from space 3584K, 90% used [0x00000000d5980000,0x00000000d5cac000,0x00000000d5d00000)
  to   space 4608K, 0% used [0x00000000d5e00000,0x00000000d5e00000,0x00000000d6280000)
 ParOldGen       total 507392K, used 507325K [0x0000000080000000, 0x000000009ef80000, 0x00000000d5580000)
  object space 507392K, 99% used [0x0000000080000000,0x000000009ef6f4e0,0x000000009ef80000)
 Metaspace       used 88443K, committed 90176K, reserved 1179648K
  class space    used 8905K, committed 9728K, reserved 1048576K
}
Event: 5838.810 GC heap before
{Heap before GC invocations=2324 (full 7):
 PSYoungGen      total 7680K, used 7344K [0x00000000d5580000, 0x00000000d6280000, 0x0000000100000000)
  eden space 4096K, 100% used [0x00000000d5580000,0x00000000d5980000,0x00000000d5980000)
  from space 3584K, 90% used [0x00000000d5980000,0x00000000d5cac000,0x00000000d5d00000)
  to   space 4608K, 0% used [0x00000000d5e00000,0x00000000d5e00000,0x00000000d6280000)
 ParOldGen       total 507392K, used 507325K [0x0000000080000000, 0x000000009ef80000, 0x00000000d5580000)
  object space 507392K, 99% used [0x0000000080000000,0x000000009ef6f4e0,0x000000009ef80000)
 Metaspace       used 88443K, committed 90176K, reserved 1179648K
  class space    used 8905K, committed 9728K, reserved 1048576K
}
Event: 5838.814 GC heap after
{Heap after GC invocations=2324 (full 7):
 PSYoungGen      total 7680K, used 3468K [0x00000000d5580000, 0x00000000d6180000, 0x0000000100000000)
  eden space 4096K, 0% used [0x00000000d5580000,0x00000000d5580000,0x00000000d5980000)
  from space 3584K, 96% used [0x00000000d5e00000,0x00000000d6163340,0x00000000d6180000)
  to   space 3584K, 0% used [0x00000000d5980000,0x00000000d5980000,0x00000000d5d00000)
 ParOldGen       total 510464K, used 510453K [0x0000000080000000, 0x000000009f280000, 0x00000000d5580000)
  object space 510464K, 99% used [0x0000000080000000,0x000000009f27d4e0,0x000000009f280000)
 Metaspace       used 88443K, committed 90176K, reserved 1179648K
  class space    used 8905K, committed 9728K, reserved 1048576K
}
Event: 5838.831 GC heap before
{Heap before GC invocations=2325 (full 7):
 PSYoungGen      total 7680K, used 7564K [0x00000000d5580000, 0x00000000d6180000, 0x0000000100000000)
  eden space 4096K, 100% used [0x00000000d5580000,0x00000000d5980000,0x00000000d5980000)
  from space 3584K, 96% used [0x00000000d5e00000,0x00000000d6163340,0x00000000d6180000)
  to   space 3584K, 0% used [0x00000000d5980000,0x00000000d5980000,0x00000000d5d00000)
 ParOldGen       total 510464K, used 510453K [0x0000000080000000, 0x000000009f280000, 0x00000000d5580000)
  object space 510464K, 99% used [0x0000000080000000,0x000000009f27d4e0,0x000000009f280000)
 Metaspace       used 88443K, committed 90176K, reserved 1179648K
  class space    used 8905K, committed 9728K, reserved 1048576K
}
Event: 5838.837 GC heap after
{Heap after GC invocations=2325 (full 7):
 PSYoungGen      total 7680K, used 3584K [0x00000000d5580000, 0x00000000d6980000, 0x0000000100000000)
  eden space 4096K, 0% used [0x00000000d5580000,0x00000000d5580000,0x00000000d5980000)
  from space 3584K, 100% used [0x00000000d5980000,0x00000000d5d00000,0x00000000d5d00000)
  to   space 8192K, 0% used [0x00000000d6180000,0x00000000d6180000,0x00000000d6980000)
 ParOldGen       total 514048K, used 513986K [0x0000000080000000, 0x000000009f600000, 0x00000000d5580000)
  object space 514048K, 99% used [0x0000000080000000,0x000000009f5f0a00,0x000000009f600000)
 Metaspace       used 88443K, committed 90176K, reserved 1179648K
  class space    used 8905K, committed 9728K, reserved 1048576K
}
Event: 5838.864 GC heap before
{Heap before GC invocations=2326 (full 7):
 PSYoungGen      total 7680K, used 7679K [0x00000000d5580000, 0x00000000d6980000, 0x0000000100000000)
  eden space 4096K, 99% used [0x00000000d5580000,0x00000000d597ff40,0x00000000d5980000)
  from space 3584K, 100% used [0x00000000d5980000,0x00000000d5d00000,0x00000000d5d00000)
  to   space 8192K, 0% used [0x00000000d6180000,0x00000000d6180000,0x00000000d6980000)
 ParOldGen       total 514048K, used 513986K [0x0000000080000000, 0x000000009f600000, 0x00000000d5580000)
  object space 514048K, 99% used [0x0000000080000000,0x000000009f5f0a00,0x000000009f600000)
 Metaspace       used 88443K, committed 90176K, reserved 1179648K
  class space    used 8905K, committed 9728K, reserved 1048576K
}
Event: 5838.868 GC heap after
{Heap after GC invocations=2326 (full 7):
 PSYoungGen      total 7168K, used 3040K [0x00000000d5580000, 0x00000000d6480000, 0x0000000100000000)
  eden space 4096K, 0% used [0x00000000d5580000,0x00000000d5580000,0x00000000d5980000)
  from space 3072K, 98% used [0x00000000d6180000,0x00000000d6478000,0x00000000d6480000)
  to   space 4608K, 0% used [0x00000000d5b80000,0x00000000d5b80000,0x00000000d6000000)
 ParOldGen       total 517632K, used 517602K [0x0000000080000000, 0x000000009f980000, 0x00000000d5580000)
  object space 517632K, 99% used [0x0000000080000000,0x000000009f978a00,0x000000009f980000)
 Metaspace       used 88443K, committed 90176K, reserved 1179648K
  class space    used 8905K, committed 9728K, reserved 1048576K
}
Event: 5838.965 GC heap before
{Heap before GC invocations=2327 (full 7):
 PSYoungGen      total 7168K, used 7136K [0x00000000d5580000, 0x00000000d6480000, 0x0000000100000000)
  eden space 4096K, 100% used [0x00000000d5580000,0x00000000d5980000,0x00000000d5980000)
  from space 3072K, 98% used [0x00000000d6180000,0x00000000d6478000,0x00000000d6480000)
  to   space 4608K, 0% used [0x00000000d5b80000,0x00000000d5b80000,0x00000000d6000000)
 ParOldGen       total 549376K, used 548322K [0x0000000080000000, 0x00000000a1880000, 0x00000000d5580000)
  object space 549376K, 99% used [0x0000000080000000,0x00000000a1778a30,0x00000000a1880000)
 Metaspace       used 88443K, committed 90176K, reserved 1179648K
  class space    used 8905K, committed 9728K, reserved 1048576K
}
Event: 5838.968 GC heap after
{Heap after GC invocations=2327 (full 7):
 PSYoungGen      total 8704K, used 352K [0x00000000d5580000, 0x00000000d6200000, 0x0000000100000000)
  eden space 4096K, 0% used [0x00000000d5580000,0x00000000d5580000,0x00000000d5980000)
  from space 4608K, 7% used [0x00000000d5b80000,0x00000000d5bd8000,0x00000000d6000000)
  to   space 2048K, 0% used [0x00000000d6000000,0x00000000d6000000,0x00000000d6200000)
 ParOldGen       total 551424K, used 551250K [0x0000000080000000, 0x00000000a1a80000, 0x00000000d5580000)
  object space 551424K, 99% used [0x0000000080000000,0x00000000a1a54a30,0x00000000a1a80000)
 Metaspace       used 88443K, committed 90176K, reserved 1179648K
  class space    used 8905K, committed 9728K, reserved 1048576K
}
Event: 5839.479 GC heap before
{Heap before GC invocations=2328 (full 7):
 PSYoungGen      total 8704K, used 4448K [0x00000000d5580000, 0x00000000d6200000, 0x0000000100000000)
  eden space 4096K, 100% used [0x00000000d5580000,0x00000000d5980000,0x00000000d5980000)
  from space 4608K, 7% used [0x00000000d5b80000,0x00000000d5bd8000,0x00000000d6000000)
  to   space 2048K, 0% used [0x00000000d6000000,0x00000000d6000000,0x00000000d6200000)
 ParOldGen       total 551424K, used 551250K [0x0000000080000000, 0x00000000a1a80000, 0x00000000d5580000)
  object space 551424K, 99% used [0x0000000080000000,0x00000000a1a54a30,0x00000000a1a80000)
 Metaspace       used 88447K, committed 90176K, reserved 1179648K
  class space    used 8905K, committed 9728K, reserved 1048576K
}
Event: 5839.480 GC heap after
{Heap after GC invocations=2328 (full 7):
 PSYoungGen      total 5120K, used 528K [0x00000000d5580000, 0x00000000d6100000, 0x0000000100000000)
  eden space 4096K, 0% used [0x00000000d5580000,0x00000000d5580000,0x00000000d5980000)
  from space 1024K, 51% used [0x00000000d6000000,0x00000000d6084010,0x00000000d6100000)
  to   space 1024K, 0% used [0x00000000d5f00000,0x00000000d5f00000,0x00000000d6000000)
 ParOldGen       total 551424K, used 551338K [0x0000000080000000, 0x00000000a1a80000, 0x00000000d5580000)
  object space 551424K, 99% used [0x0000000080000000,0x00000000a1a6aa30,0x00000000a1a80000)
 Metaspace       used 88447K, committed 90176K, reserved 1179648K
  class space    used 8905K, committed 9728K, reserved 1048576K
}

